Arguments: 
  C:\Program Files\nodejs\node.exe C:\Users\JB\AppData\Roaming\npm\node_modules\yarn\bin\yarn.js

PATH: 
  G:\cmder\bin;G:\cmder\vendor\conemu-maximus5\ConEmu\Scripts;G:\cmder\vendor\conemu-maximus5;G:\cmder\vendor\conemu-maximus5\ConEmu;C:\Perl64\site\bin;C:\Perl64\bin;C:\Program Files (x86)\Common Files\Intel\Shared Libraries\redist\intel64\compiler;C:\Program Files (x86)\RBTools\bin;C:\ProgramData\Oracle\Java\javapath;C:\Program Files (x86)\Intel\iCLS Client\;C:\Program Files\Intel\iCLS Client\;C:\Windows\system32;C:\Windows;C:\Windows\System32\Wbem;C:\Windows\System32\WindowsPowerShell\v1.0\;C:\Program Files\Intel\Intel(R) Management Engine Components\DAL;C:\Program Files (x86)\Intel\Intel(R) Management Engine Components\DAL;C:\Program Files\Intel\Intel(R) Management Engine Components\IPT;C:\Program Files (x86)\Intel\Intel(R) Management Engine Components\IPT;C:\Program Files (x86)\NVIDIA Corporation\PhysX\Common;C:\Program Files\MongoDB\Server\3.0\bin;C:\Program Files\Microsoft SQL Server\110\Tools\Binn\;C:\Program Files\Microsoft SQL Server\120\Tools\Binn\;C:\Program Files\Perforce;C:\Program Files (x86)\RBTools\Python27\Scripts;C:\nwjs-v0.12.1-win-x64;G:\cu-ui\bin\flow-windows\;G:\cmake-3.3.0-rc4-win32-x86\bin\;C:\Program Files\TortoiseSVN\bin\;C:\Program Files\SlikSvn\bin;C:\gnuwin32\bin\;C:\Program Files (x86)\Microsoft SDKs\TypeScript\1.4\;C:\Program Files (x86)\NSIS;C:\WINDOWS\system32;C:\WINDOWS;C:\WINDOWS\System32\Wbem;C:\WINDOWS\System32\WindowsPowerShell\v1.0\;C:\Program Files (x86)\Windows Kits\10\Windows Performance Toolkit\;C:\WINDOWS\SysWOW64\WindowsPowerShell\v1.0\Modules\TShell\TShell\;C:\Program Files\010 Editor;C:\Program Files (x86)\CMake\bin;G:\depot_tools;C:\Program Files\Microsoft SQL Server\130\Tools\Binn\;C:\Program Files (x86)\GtkSharp\2.12\bin;C:\HashiCorp\Vagrant\bin;C:\Program Files (x86)\Microsoft Emulator Manager\1.0\;C:\Program Files\dotnet\;C:\Program Files\Java\jdk1.8.0_102\bin;C:\Program Files (x86)\Skype\Phone\;C:\Users\JB\AppData\Roaming\nvm;C:\Program Files\nodejs;C:\Program Files\nodejs\;C:\Program Files (x86)\Pandoc\;C:\Program Files\Git\cmd;C:\Users\JB\.dnx\bin;C:\Program Files (x86)\Inno Setup 5;C:\Program Files (x86)\RBTools\bin;C:\Program Files (x86)\RBTools\Python27;C:\Program Files (x86)\RBTools\Python27\Scripts;C:\Program Files (x86)\GnuWin32\bin;C:\Users\JB\.nvmw;C:\Users\JB\AppData\Roaming\nvm;C:\Program Files\nodejs;C:\Users\JB\AppData\Local\.meteor\;C:\Program Files\Microsoft VS Code Insiders\bin;C:\Program Files\Microsoft VS Code\bin;C:\Users\JB\AppData\Local\Microsoft\WindowsApps;C:\Users\JB\AppData\Roaming\npm;C:\Program Files\MongoDB\Server\3.4\bin;;G:\cmder

Yarn version: 
  1.0.2

Node version: 
  8.5.0

Platform: 
  win32 x64

npm manifest: 
  {
    "name": "webtools",
    "version": "0.1.0",
    "description": "Web Tools for CU",
    "main": "index.js",
    "author": "JB",
    "license": "MPL-2.0",
    "scripts": {
      "start": "nps",
      "postinstall": "typesync && nps gql && nps definitions"
    },
    "devDependencies": {
      "@types/aphrodite": "^0.5.6",
      "@types/babel-core": "^6.25.2",
      "@types/classnames": "^2.2.3",
      "@types/draft-js": "^0.10.12",
      "@types/jest": "^20.0.6",
      "@types/mv": "^2.1.0",
      "@types/react": "^15.6.1",
      "@types/react-dom": "^15.5.2",
      "@types/react-router-dom": "^4.0.7",
      "@types/recompose": "^0.23.3",
      "@types/rimraf": "^2.0.0",
      "@types/webpack": "^3.0.7",
      "@types/webpack-merge": "^0.0.5",
      "apollo-codegen": "^0.16.5",
      "awesome-typescript-loader": "^3.2.3",
      "babel-core": "^6.26.0",
      "babel-loader": "^7.1.2",
      "babel-plugin-transform-es2015-modules-commonjs": "^6.26.0",
      "babel-plugin-transform-object-assign": "^6.22.0",
      "babel-plugin-transform-runtime": "^6.23.0",
      "babel-polyfill": "^6.26.0",
      "babel-preset-es2015": "^6.24.1",
      "babel-preset-react": "^6.24.1",
      "babel-preset-stage-0": "^6.24.1",
      "babel-runtime": "^6.26.0",
      "babili-webpack-plugin": "^0.1.2",
      "concat-cli": "^4.0.0",
      "copyfiles": "^1.2.0",
      "css-loader": "^0.28.7",
      "download-cli": "^1.0.5",
      "graphql-code-generator": "^0.8.10",
      "graphql-document-collector": "^0.1.3",
      "http-server-spa": "^1.2.0",
      "jest": "^20.0.4",
      "livereload": "^0.6.2",
      "mv": "^2.1.1",
      "nps": "^5.7.0",
      "nps-utils": "^1.3.0",
      "rimraf": "^2.6.1",
      "shx": "^0.2.2",
      "style-loader": "^0.18.2",
      "tslint": "^5.6.0",
      "typescript": "^2.4.2",
      "typesync": "^0.2.0",
      "watch-cli": "^0.2.2",
      "webpack": "^3.5.2",
      "webpack-merge": "^4.1.0"
    },
    "dependencies": {
      "aphrodite": "^1.2.3",
      "babel-plugin-emotion": "^8.0.4",
      "camelot-unchained": "^0.9.20",
      "classnames": "^2.2.5",
      "draft-js": "^0.10.1",
      "draft-js-alignment-plugin": "beta",
      "draft-js-anchor-plugin": "beta",
      "draft-js-buttons": "beta",
      "draft-js-drag-n-drop-plugin": "beta",
      "draft-js-export-html": "^1.1.0",
      "draft-js-focus-plugin": "beta",
      "draft-js-hashtag-plugin": "beta",
      "draft-js-image-plugin": "beta",
      "draft-js-import-html": "^1.1.0",
      "draft-js-inline-toolbar-plugin": "beta",
      "draft-js-linkify-plugin": "beta",
      "draft-js-plugins-editor": "beta",
      "draft-js-resizeable-plugin": "beta",
      "draft-js-side-toolbar-plugin": "beta",
      "draft-js-undo-plugin": "beta",
      "draft-js-video-plugin": "beta",
      "emotion": "^8.0.5",
      "font-awesome": "^4.7.0",
      "graphql-tag": "^2.4.2",
      "moment": "^2.18.1",
      "primereact": "^1.0.1",
      "react": "^16.0.0",
      "react-dom": "^16.0.0",
      "react-emotion": "^8.0.5",
      "react-router-dom": "^4.2.2",
      "recompose": "^0.24.0",
      "tslib": "^1.7.1"
    }
  }

yarn manifest: 
  No manifest

Lockfile: 
  No lockfile

Trace: 
  Error: http://registry.camelotunchained.com/@babel%2fhelper-module-imports: no such package available
      at Request.params.callback [as _callback] (C:\Users\JB\AppData\Roaming\npm\node_modules\yarn\lib\cli.js:60302:18)
      at Request.self.callback (C:\Users\JB\AppData\Roaming\npm\node_modules\yarn\lib\cli.js:117370:22)
      at emitTwo (events.js:125:13)
      at Request.emit (events.js:213:7)
      at Request.<anonymous> (C:\Users\JB\AppData\Roaming\npm\node_modules\yarn\lib\cli.js:118353:10)
      at emitOne (events.js:115:13)
      at Request.emit (events.js:210:7)
      at IncomingMessage.<anonymous> (C:\Users\JB\AppData\Roaming\npm\node_modules\yarn\lib\cli.js:118273:12)
      at Object.onceWrapper (events.js:314:30)
      at emitNone (events.js:110:20)
